<?xml version="1.0" encoding="UTF-8"?>
<!-- Generated by org.testng.reporters.JUnitXMLReporter -->
<testsuite ignored="1" hostname="PARAMVEER" failures="0" tests="1" name="Default test" time="0.061" errors="0" timestamp="2021-11-26T00:42:40 IST">
  <testcase classname="qaclickacademy.AppiumTest" name="ISOApps" time="0.009"/>
  <testcase classname="qaclickacademy.AppiumTest" name="NativeAPPAndroid" time="0.0">
    <ignored/>
  </testcase> <!-- NativeAPPAndroid -->
</testsuite> <!-- Default test -->
