<?xml version="1.0" encoding="UTF-8"?>
<!-- Generated by org.testng.reporters.JUnitXMLReporter -->
<testsuite ignored="0" hostname="PARAMVEER" failures="0" tests="6" name="Test" time="0.105" errors="0" timestamp="2021-11-27T15:03:20 IST">
  <testcase classname="qaclickacademy.AppiumTest" name="ISOApps" time="0.01"/>
  <testcase classname="qaclickacademy.AppiumTest" name="NativeAPPAndroid" time="0.002"/>
  <testcase classname="qaclickacademy.SeleniumTest" name="BrowserAutomation" time="0.002"/>
  <testcase classname="qaclickacademy.SeleniumTest" name="elementsUI" time="0.001"/>
  <testcase classname="qaclickacademy.RestAPITest" name="deleteTwitter" time="0.001"/>
  <testcase classname="qaclickacademy.RestAPITest" name="postJira" time="0.002"/>
</testsuite> <!-- Test -->
