<?xml version="1.0" encoding="UTF-8"?>
<testng-results ignored="0" total="6" passed="6" failed="0" skipped="0">
  <reporter-output>
  </reporter-output>
  <suite started-at="2021-11-27T15:03:20 IST" name="Suite" finished-at="2021-11-27T15:03:20 IST" duration-ms="105">
    <groups>
    </groups>
    <test started-at="2021-11-27T15:03:20 IST" name="Test" finished-at="2021-11-27T15:03:20 IST" duration-ms="105">
      <class name="qaclickacademy.AppiumTest">
        <test-method signature="ISOApps()[pri:0, instance:qaclickacademy.AppiumTest@21e360a]" started-at="2021-11-27T15:03:20 IST" name="ISOApps" finished-at="2021-11-27T15:03:20 IST" duration-ms="10" status="PASS">
          <reporter-output>
          </reporter-output>
        </test-method> <!-- ISOApps -->
        <test-method signature="NativeAPPAndroid()[pri:0, instance:qaclickacademy.AppiumTest@21e360a]" started-at="2021-11-27T15:03:20 IST" name="NativeAPPAndroid" finished-at="2021-11-27T15:03:20 IST" duration-ms="2" status="PASS">
          <reporter-output>
          </reporter-output>
        </test-method> <!-- NativeAPPAndroid -->
      </class> <!-- qaclickacademy.AppiumTest -->
      <class name="qaclickacademy.RestAPITest">
        <test-method signature="deleteTwitter()[pri:0, instance:qaclickacademy.RestAPITest@17497425]" started-at="2021-11-27T15:03:20 IST" name="deleteTwitter" finished-at="2021-11-27T15:03:20 IST" duration-ms="1" status="PASS">
          <reporter-output>
          </reporter-output>
        </test-method> <!-- deleteTwitter -->
        <test-method signature="postJira()[pri:0, instance:qaclickacademy.RestAPITest@17497425]" started-at="2021-11-27T15:03:20 IST" name="postJira" finished-at="2021-11-27T15:03:20 IST" duration-ms="2" status="PASS">
          <reporter-output>
          </reporter-output>
        </test-method> <!-- postJira -->
      </class> <!-- qaclickacademy.RestAPITest -->
      <class name="qaclickacademy.SeleniumTest">
        <test-method signature="BrowserAutomation()[pri:0, instance:qaclickacademy.SeleniumTest@194bcebf]" started-at="2021-11-27T15:03:20 IST" name="BrowserAutomation" finished-at="2021-11-27T15:03:20 IST" duration-ms="2" status="PASS">
          <reporter-output>
          </reporter-output>
        </test-method> <!-- BrowserAutomation -->
        <test-method signature="elementsUI()[pri:0, instance:qaclickacademy.SeleniumTest@194bcebf]" started-at="2021-11-27T15:03:20 IST" name="elementsUI" finished-at="2021-11-27T15:03:20 IST" duration-ms="1" status="PASS">
          <reporter-output>
          </reporter-output>
        </test-method> <!-- elementsUI -->
      </class> <!-- qaclickacademy.SeleniumTest -->
    </test> <!-- Test -->
  </suite> <!-- Suite -->
</testng-results>
